2022-06-03 17:31:30 [127.0.0.1][-][-][error][yii\base\ViewNotFoundException] yii\base\ViewNotFoundException: The view file does not exist: C:\OpenServer\domains\tabprogress.com\frontend\web\views\site\about.php in C:\OpenServer\domains\tabprogress.com\vendor\yiisoft\yii2\base\View.php:233
Stack trace:
#0 C:\OpenServer\domains\tabprogress.com\vendor\yiisoft\yii2\base\View.php(156): yii\base\View->renderFile()
#1 C:\OpenServer\domains\tabprogress.com\vendor\yiisoft\yii2\base\Controller.php(407): yii\base\View->render()
#2 C:\OpenServer\domains\tabprogress.com\frontend\controllers\SiteController.php(146): yii\base\Controller->render()
#3 [internal function]: frontend\controllers\SiteController->actionAbout()
#4 C:\OpenServer\domains\tabprogress.com\vendor\yiisoft\yii2\base\InlineAction.php(57): call_user_func_array()
#5 C:\OpenServer\domains\tabprogress.com\vendor\yiisoft\yii2\base\Controller.php(178): yii\base\InlineAction->runWithParams()
#6 C:\OpenServer\domains\tabprogress.com\vendor\yiisoft\yii2\base\Module.php(552): yii\base\Controller->runAction()
#7 C:\OpenServer\domains\tabprogress.com\vendor\yiisoft\yii2\web\Application.php(103): yii\base\Module->runAction()
#8 C:\OpenServer\domains\tabprogress.com\vendor\yiisoft\yii2\base\Application.php(384): yii\web\Application->handleRequest()
#9 C:\OpenServer\domains\tabprogress.com\frontend\web\index.php(18): yii\base\Application->run()
#10 {main}
2022-06-03 17:31:30 [127.0.0.1][-][-][info][application] $_GET = []

$_POST = []

$_FILES = []

$_COOKIE = [
    'advanced-frontend' => 'g0u60ndke5e4gsmsnorjh5b81mqembrp'
    '_csrf-frontend' => '36528904bb65a6ae725d5b052ec2df2987d7945151c41d40aa48e653e16e1750a:2:{i:0;s:14:\"_csrf-frontend\";i:1;s:32:\"6x9NA6RBSjT8rp7TmpkCHU0zZksNX6qY\";}'
]

$_SERVER = [
    'REDIRECT_STATUS' => '200'
    'HTTP_HOST' => 'tabprogress.com'
    'HTTP_CONNECTION' => 'keep-alive'
    'HTTP_CACHE_CONTROL' => 'max-age=0'
    'HTTP_DNT' => '1'
    'HTTP_UPGRADE_INSECURE_REQUESTS' => '1'
    'HTTP_USER_AGENT' => 'Mozilla/5.0 (Windows NT 10.0; Win64; x64) AppleWebKit/537.36 (KHTML, like Gecko) Chrome/102.0.5005.63 Safari/537.36'
    'HTTP_ACCEPT' => 'text/html,application/xhtml+xml,application/xml;q=0.9,image/avif,image/webp,image/apng,*/*;q=0.8,application/signed-exchange;v=b3;q=0.9'
    'HTTP_REFERER' => 'http://tabprogress.com/frontend/web/'
    'HTTP_ACCEPT_ENCODING' => 'gzip, deflate'
    'HTTP_ACCEPT_LANGUAGE' => 'ru-RU,ru;q=0.9,en-US;q=0.8,en;q=0.7'
    'HTTP_COOKIE' => 'advanced-frontend=g0u60ndke5e4gsmsnorjh5b81mqembrp; _csrf-frontend=36528904bb65a6ae725d5b052ec2df2987d7945151c41d40aa48e653e16e1750a%3A2%3A%7Bi%3A0%3Bs%3A14%3A%22_csrf-frontend%22%3Bi%3A1%3Bs%3A32%3A%226x9NA6RBSjT8rp7TmpkCHU0zZksNX6qY%22%3B%7D'
    'PATH' => 'c:\\openserver\\modules\\php\\PHP_7.4\\ext;c:\\openserver\\modules\\php\\PHP_7.4\\pear;c:\\openserver\\modules\\php\\PHP_7.4\\pear\\bin;c:\\openserver\\modules\\php\\PHP_7.4;c:\\openserver\\modules\\wget\\bin;c:\\openserver\\modules\\database\\MySQL-8.0-Win10\\bin;c:\\openserver\\modules\\http\\Apache_2.4-PHP_7.0-7.1\\bin;c:\\openserver\\modules\\http\\Apache_2.4-PHP_7.0-7.1;C:\\Windows\\system32;C:\\Windows;C:\\Windows\\system32\\Wbem;C:\\Windows\\SysWOW64'
    'SystemRoot' => 'C:\\Windows'
    'COMSPEC' => 'C:\\Windows\\system32\\cmd.exe'
    'PATHEXT' => '.COM;.EXE;.BAT;.CMD;.VBS;.VBE;.JS;.JSE;.WSF;.WSH;.MSC'
    'WINDIR' => 'C:\\Windows'
    'SERVER_SIGNATURE' => ''
    'SERVER_SOFTWARE' => 'Apache'
    'SERVER_NAME' => 'tabprogress.com'
    'SERVER_ADDR' => '127.0.0.1'
    'SERVER_PORT' => '80'
    'REMOTE_ADDR' => '127.0.0.1'
    'DOCUMENT_ROOT' => 'C:/OpenServer/domains/tabprogress.com'
    'REQUEST_SCHEME' => 'http'
    'CONTEXT_PREFIX' => ''
    'CONTEXT_DOCUMENT_ROOT' => 'C:/OpenServer/domains/tabprogress.com'
    'SERVER_ADMIN' => '[no address given]'
    'SCRIPT_FILENAME' => 'C:/OpenServer/domains/tabprogress.com/frontend/web/index.php'
    'REMOTE_PORT' => '50733'
    'REDIRECT_URL' => '/frontend/web/site/about'
    'GATEWAY_INTERFACE' => 'CGI/1.1'
    'SERVER_PROTOCOL' => 'HTTP/1.1'
    'REQUEST_METHOD' => 'GET'
    'QUERY_STRING' => ''
    'REQUEST_URI' => '/frontend/web/site/about'
    'SCRIPT_NAME' => '/frontend/web/index.php'
    'PHP_SELF' => '/frontend/web/index.php'
    'REQUEST_TIME_FLOAT' => 1654266690.571
    'REQUEST_TIME' => 1654266690
]
2022-06-03 17:31:30 [127.0.0.1][-][-][error][yii\base\ViewNotFoundException] yii\base\ViewNotFoundException: The view file does not exist: C:\OpenServer\domains\tabprogress.com\frontend\web\views\site\index.php in C:\OpenServer\domains\tabprogress.com\vendor\yiisoft\yii2\base\View.php:233
Stack trace:
#0 C:\OpenServer\domains\tabprogress.com\vendor\yiisoft\yii2\base\View.php(156): yii\base\View->renderFile()
#1 C:\OpenServer\domains\tabprogress.com\vendor\yiisoft\yii2\base\Controller.php(407): yii\base\View->render()
#2 C:\OpenServer\domains\tabprogress.com\frontend\controllers\SiteController.php(78): yii\base\Controller->render()
#3 [internal function]: frontend\controllers\SiteController->actionIndex()
#4 C:\OpenServer\domains\tabprogress.com\vendor\yiisoft\yii2\base\InlineAction.php(57): call_user_func_array()
#5 C:\OpenServer\domains\tabprogress.com\vendor\yiisoft\yii2\base\Controller.php(178): yii\base\InlineAction->runWithParams()
#6 C:\OpenServer\domains\tabprogress.com\vendor\yiisoft\yii2\base\Module.php(552): yii\base\Controller->runAction()
#7 C:\OpenServer\domains\tabprogress.com\vendor\yiisoft\yii2\web\Application.php(103): yii\base\Module->runAction()
#8 C:\OpenServer\domains\tabprogress.com\vendor\yiisoft\yii2\base\Application.php(384): yii\web\Application->handleRequest()
#9 C:\OpenServer\domains\tabprogress.com\frontend\web\index.php(18): yii\base\Application->run()
#10 {main}
2022-06-03 17:31:30 [127.0.0.1][-][-][info][application] $_GET = []

$_POST = []

$_FILES = []

$_COOKIE = [
    'advanced-frontend' => 'g0u60ndke5e4gsmsnorjh5b81mqembrp'
    '_csrf-frontend' => '36528904bb65a6ae725d5b052ec2df2987d7945151c41d40aa48e653e16e1750a:2:{i:0;s:14:\"_csrf-frontend\";i:1;s:32:\"6x9NA6RBSjT8rp7TmpkCHU0zZksNX6qY\";}'
]

$_SERVER = [
    'REDIRECT_STATUS' => '200'
    'HTTP_HOST' => 'tabprogress.com'
    'HTTP_CONNECTION' => 'keep-alive'
    'HTTP_USER_AGENT' => 'Mozilla/5.0 (Windows NT 10.0; Win64; x64) AppleWebKit/537.36 (KHTML, like Gecko) Chrome/102.0.5005.63 Safari/537.36'
    'HTTP_DNT' => '1'
    'HTTP_ACCEPT' => 'image/avif,image/webp,image/apng,image/svg+xml,image/*,*/*;q=0.8'
    'HTTP_REFERER' => 'http://tabprogress.com/frontend/web/site/about'
    'HTTP_ACCEPT_ENCODING' => 'gzip, deflate'
    'HTTP_ACCEPT_LANGUAGE' => 'ru-RU,ru;q=0.9,en-US;q=0.8,en;q=0.7'
    'HTTP_COOKIE' => 'advanced-frontend=g0u60ndke5e4gsmsnorjh5b81mqembrp; _csrf-frontend=36528904bb65a6ae725d5b052ec2df2987d7945151c41d40aa48e653e16e1750a%3A2%3A%7Bi%3A0%3Bs%3A14%3A%22_csrf-frontend%22%3Bi%3A1%3Bs%3A32%3A%226x9NA6RBSjT8rp7TmpkCHU0zZksNX6qY%22%3B%7D'
    'PATH' => 'c:\\openserver\\modules\\php\\PHP_7.4\\ext;c:\\openserver\\modules\\php\\PHP_7.4\\pear;c:\\openserver\\modules\\php\\PHP_7.4\\pear\\bin;c:\\openserver\\modules\\php\\PHP_7.4;c:\\openserver\\modules\\wget\\bin;c:\\openserver\\modules\\database\\MySQL-8.0-Win10\\bin;c:\\openserver\\modules\\http\\Apache_2.4-PHP_7.0-7.1\\bin;c:\\openserver\\modules\\http\\Apache_2.4-PHP_7.0-7.1;C:\\Windows\\system32;C:\\Windows;C:\\Windows\\system32\\Wbem;C:\\Windows\\SysWOW64'
    'SystemRoot' => 'C:\\Windows'
    'COMSPEC' => 'C:\\Windows\\system32\\cmd.exe'
    'PATHEXT' => '.COM;.EXE;.BAT;.CMD;.VBS;.VBE;.JS;.JSE;.WSF;.WSH;.MSC'
    'WINDIR' => 'C:\\Windows'
    'SERVER_SIGNATURE' => ''
    'SERVER_SOFTWARE' => 'Apache'
    'SERVER_NAME' => 'tabprogress.com'
    'SERVER_ADDR' => '127.0.0.1'
    'SERVER_PORT' => '80'
    'REMOTE_ADDR' => '127.0.0.1'
    'DOCUMENT_ROOT' => 'C:/OpenServer/domains/tabprogress.com'
    'REQUEST_SCHEME' => 'http'
    'CONTEXT_PREFIX' => ''
    'CONTEXT_DOCUMENT_ROOT' => 'C:/OpenServer/domains/tabprogress.com'
    'SERVER_ADMIN' => '[no address given]'
    'SCRIPT_FILENAME' => 'C:/OpenServer/domains/tabprogress.com/frontend/web/index.php'
    'REMOTE_PORT' => '50757'
    'REDIRECT_URL' => '/favicon.ico'
    'GATEWAY_INTERFACE' => 'CGI/1.1'
    'SERVER_PROTOCOL' => 'HTTP/1.1'
    'REQUEST_METHOD' => 'GET'
    'QUERY_STRING' => ''
    'REQUEST_URI' => '/favicon.ico'
    'SCRIPT_NAME' => '/frontend/web/index.php'
    'PHP_SELF' => '/frontend/web/index.php'
    'REQUEST_TIME_FLOAT' => 1654266690.7487
    'REQUEST_TIME' => 1654266690
]
2022-06-03 17:31:34 [127.0.0.1][-][-][error][yii\base\ViewNotFoundException] yii\base\ViewNotFoundException: The view file does not exist: C:\OpenServer\domains\tabprogress.com\frontend\web\views\site\index.php in C:\OpenServer\domains\tabprogress.com\vendor\yiisoft\yii2\base\View.php:233
Stack trace:
#0 C:\OpenServer\domains\tabprogress.com\vendor\yiisoft\yii2\base\View.php(156): yii\base\View->renderFile()
#1 C:\OpenServer\domains\tabprogress.com\vendor\yiisoft\yii2\base\Controller.php(407): yii\base\View->render()
#2 C:\OpenServer\domains\tabprogress.com\frontend\controllers\SiteController.php(78): yii\base\Controller->render()
#3 [internal function]: frontend\controllers\SiteController->actionIndex()
#4 C:\OpenServer\domains\tabprogress.com\vendor\yiisoft\yii2\base\InlineAction.php(57): call_user_func_array()
#5 C:\OpenServer\domains\tabprogress.com\vendor\yiisoft\yii2\base\Controller.php(178): yii\base\InlineAction->runWithParams()
#6 C:\OpenServer\domains\tabprogress.com\vendor\yiisoft\yii2\base\Module.php(552): yii\base\Controller->runAction()
#7 C:\OpenServer\domains\tabprogress.com\vendor\yiisoft\yii2\web\Application.php(103): yii\base\Module->runAction()
#8 C:\OpenServer\domains\tabprogress.com\vendor\yiisoft\yii2\base\Application.php(384): yii\web\Application->handleRequest()
#9 C:\OpenServer\domains\tabprogress.com\frontend\web\index.php(18): yii\base\Application->run()
#10 {main}
2022-06-03 17:31:34 [127.0.0.1][-][-][info][application] $_GET = []

$_POST = []

$_FILES = []

$_COOKIE = [
    'advanced-frontend' => 'g0u60ndke5e4gsmsnorjh5b81mqembrp'
    '_csrf-frontend' => '36528904bb65a6ae725d5b052ec2df2987d7945151c41d40aa48e653e16e1750a:2:{i:0;s:14:\"_csrf-frontend\";i:1;s:32:\"6x9NA6RBSjT8rp7TmpkCHU0zZksNX6qY\";}'
]

$_SERVER = [
    'REDIRECT_STATUS' => '200'
    'HTTP_HOST' => 'tabprogress.com'
    'HTTP_CONNECTION' => 'keep-alive'
    'HTTP_DNT' => '1'
    'HTTP_UPGRADE_INSECURE_REQUESTS' => '1'
    'HTTP_USER_AGENT' => 'Mozilla/5.0 (Windows NT 10.0; Win64; x64) AppleWebKit/537.36 (KHTML, like Gecko) Chrome/102.0.5005.63 Safari/537.36'
    'HTTP_ACCEPT' => 'text/html,application/xhtml+xml,application/xml;q=0.9,image/avif,image/webp,image/apng,*/*;q=0.8,application/signed-exchange;v=b3;q=0.9'
    'HTTP_ACCEPT_ENCODING' => 'gzip, deflate'
    'HTTP_ACCEPT_LANGUAGE' => 'ru-RU,ru;q=0.9,en-US;q=0.8,en;q=0.7'
    'HTTP_COOKIE' => 'advanced-frontend=g0u60ndke5e4gsmsnorjh5b81mqembrp; _csrf-frontend=36528904bb65a6ae725d5b052ec2df2987d7945151c41d40aa48e653e16e1750a%3A2%3A%7Bi%3A0%3Bs%3A14%3A%22_csrf-frontend%22%3Bi%3A1%3Bs%3A32%3A%226x9NA6RBSjT8rp7TmpkCHU0zZksNX6qY%22%3B%7D'
    'PATH' => 'c:\\openserver\\modules\\php\\PHP_7.4\\ext;c:\\openserver\\modules\\php\\PHP_7.4\\pear;c:\\openserver\\modules\\php\\PHP_7.4\\pear\\bin;c:\\openserver\\modules\\php\\PHP_7.4;c:\\openserver\\modules\\wget\\bin;c:\\openserver\\modules\\database\\MySQL-8.0-Win10\\bin;c:\\openserver\\modules\\http\\Apache_2.4-PHP_7.0-7.1\\bin;c:\\openserver\\modules\\http\\Apache_2.4-PHP_7.0-7.1;C:\\Windows\\system32;C:\\Windows;C:\\Windows\\system32\\Wbem;C:\\Windows\\SysWOW64'
    'SystemRoot' => 'C:\\Windows'
    'COMSPEC' => 'C:\\Windows\\system32\\cmd.exe'
    'PATHEXT' => '.COM;.EXE;.BAT;.CMD;.VBS;.VBE;.JS;.JSE;.WSF;.WSH;.MSC'
    'WINDIR' => 'C:\\Windows'
    'SERVER_SIGNATURE' => ''
    'SERVER_SOFTWARE' => 'Apache'
    'SERVER_NAME' => 'tabprogress.com'
    'SERVER_ADDR' => '127.0.0.1'
    'SERVER_PORT' => '80'
    'REMOTE_ADDR' => '127.0.0.1'
    'DOCUMENT_ROOT' => 'C:/OpenServer/domains/tabprogress.com'
    'REQUEST_SCHEME' => 'http'
    'CONTEXT_PREFIX' => ''
    'CONTEXT_DOCUMENT_ROOT' => 'C:/OpenServer/domains/tabprogress.com'
    'SERVER_ADMIN' => '[no address given]'
    'SCRIPT_FILENAME' => 'C:/OpenServer/domains/tabprogress.com/frontend/web/index.php'
    'REMOTE_PORT' => '50758'
    'REDIRECT_URL' => '/'
    'GATEWAY_INTERFACE' => 'CGI/1.1'
    'SERVER_PROTOCOL' => 'HTTP/1.1'
    'REQUEST_METHOD' => 'GET'
    'QUERY_STRING' => ''
    'REQUEST_URI' => '/'
    'SCRIPT_NAME' => '/frontend/web/index.php'
    'PHP_SELF' => '/frontend/web/index.php'
    'REQUEST_TIME_FLOAT' => 1654266694.098
    'REQUEST_TIME' => 1654266694
]
2022-06-03 17:31:34 [127.0.0.1][-][-][error][yii\base\ViewNotFoundException] yii\base\ViewNotFoundException: The view file does not exist: C:\OpenServer\domains\tabprogress.com\frontend\web\views\site\index.php in C:\OpenServer\domains\tabprogress.com\vendor\yiisoft\yii2\base\View.php:233
Stack trace:
#0 C:\OpenServer\domains\tabprogress.com\vendor\yiisoft\yii2\base\View.php(156): yii\base\View->renderFile()
#1 C:\OpenServer\domains\tabprogress.com\vendor\yiisoft\yii2\base\Controller.php(407): yii\base\View->render()
#2 C:\OpenServer\domains\tabprogress.com\frontend\controllers\SiteController.php(78): yii\base\Controller->render()
#3 [internal function]: frontend\controllers\SiteController->actionIndex()
#4 C:\OpenServer\domains\tabprogress.com\vendor\yiisoft\yii2\base\InlineAction.php(57): call_user_func_array()
#5 C:\OpenServer\domains\tabprogress.com\vendor\yiisoft\yii2\base\Controller.php(178): yii\base\InlineAction->runWithParams()
#6 C:\OpenServer\domains\tabprogress.com\vendor\yiisoft\yii2\base\Module.php(552): yii\base\Controller->runAction()
#7 C:\OpenServer\domains\tabprogress.com\vendor\yiisoft\yii2\web\Application.php(103): yii\base\Module->runAction()
#8 C:\OpenServer\domains\tabprogress.com\vendor\yiisoft\yii2\base\Application.php(384): yii\web\Application->handleRequest()
#9 C:\OpenServer\domains\tabprogress.com\frontend\web\index.php(18): yii\base\Application->run()
#10 {main}
2022-06-03 17:31:34 [127.0.0.1][-][-][info][application] $_GET = []

$_POST = []

$_FILES = []

$_COOKIE = [
    'advanced-frontend' => 'g0u60ndke5e4gsmsnorjh5b81mqembrp'
    '_csrf-frontend' => '36528904bb65a6ae725d5b052ec2df2987d7945151c41d40aa48e653e16e1750a:2:{i:0;s:14:\"_csrf-frontend\";i:1;s:32:\"6x9NA6RBSjT8rp7TmpkCHU0zZksNX6qY\";}'
]

$_SERVER = [
    'REDIRECT_STATUS' => '200'
    'HTTP_HOST' => 'tabprogress.com'
    'HTTP_CONNECTION' => 'keep-alive'
    'HTTP_USER_AGENT' => 'Mozilla/5.0 (Windows NT 10.0; Win64; x64) AppleWebKit/537.36 (KHTML, like Gecko) Chrome/102.0.5005.63 Safari/537.36'
    'HTTP_DNT' => '1'
    'HTTP_ACCEPT' => 'image/avif,image/webp,image/apng,image/svg+xml,image/*,*/*;q=0.8'
    'HTTP_REFERER' => 'http://tabprogress.com/'
    'HTTP_ACCEPT_ENCODING' => 'gzip, deflate'
    'HTTP_ACCEPT_LANGUAGE' => 'ru-RU,ru;q=0.9,en-US;q=0.8,en;q=0.7'
    'HTTP_COOKIE' => 'advanced-frontend=g0u60ndke5e4gsmsnorjh5b81mqembrp; _csrf-frontend=36528904bb65a6ae725d5b052ec2df2987d7945151c41d40aa48e653e16e1750a%3A2%3A%7Bi%3A0%3Bs%3A14%3A%22_csrf-frontend%22%3Bi%3A1%3Bs%3A32%3A%226x9NA6RBSjT8rp7TmpkCHU0zZksNX6qY%22%3B%7D'
    'PATH' => 'c:\\openserver\\modules\\php\\PHP_7.4\\ext;c:\\openserver\\modules\\php\\PHP_7.4\\pear;c:\\openserver\\modules\\php\\PHP_7.4\\pear\\bin;c:\\openserver\\modules\\php\\PHP_7.4;c:\\openserver\\modules\\wget\\bin;c:\\openserver\\modules\\database\\MySQL-8.0-Win10\\bin;c:\\openserver\\modules\\http\\Apache_2.4-PHP_7.0-7.1\\bin;c:\\openserver\\modules\\http\\Apache_2.4-PHP_7.0-7.1;C:\\Windows\\system32;C:\\Windows;C:\\Windows\\system32\\Wbem;C:\\Windows\\SysWOW64'
    'SystemRoot' => 'C:\\Windows'
    'COMSPEC' => 'C:\\Windows\\system32\\cmd.exe'
    'PATHEXT' => '.COM;.EXE;.BAT;.CMD;.VBS;.VBE;.JS;.JSE;.WSF;.WSH;.MSC'
    'WINDIR' => 'C:\\Windows'
    'SERVER_SIGNATURE' => ''
    'SERVER_SOFTWARE' => 'Apache'
    'SERVER_NAME' => 'tabprogress.com'
    'SERVER_ADDR' => '127.0.0.1'
    'SERVER_PORT' => '80'
    'REMOTE_ADDR' => '127.0.0.1'
    'DOCUMENT_ROOT' => 'C:/OpenServer/domains/tabprogress.com'
    'REQUEST_SCHEME' => 'http'
    'CONTEXT_PREFIX' => ''
    'CONTEXT_DOCUMENT_ROOT' => 'C:/OpenServer/domains/tabprogress.com'
    'SERVER_ADMIN' => '[no address given]'
    'SCRIPT_FILENAME' => 'C:/OpenServer/domains/tabprogress.com/frontend/web/index.php'
    'REMOTE_PORT' => '50759'
    'REDIRECT_URL' => '/favicon.ico'
    'GATEWAY_INTERFACE' => 'CGI/1.1'
    'SERVER_PROTOCOL' => 'HTTP/1.1'
    'REQUEST_METHOD' => 'GET'
    'QUERY_STRING' => ''
    'REQUEST_URI' => '/favicon.ico'
    'SCRIPT_NAME' => '/frontend/web/index.php'
    'PHP_SELF' => '/frontend/web/index.php'
    'REQUEST_TIME_FLOAT' => 1654266694.186
    'REQUEST_TIME' => 1654266694
]
